# JRE version: OpenJDK Runtime Environment (21.0.2+13) (build 21.0.2+13-58)
# Java VM: OpenJDK 64-Bit Server VM (21.0.2+13-58, mixed mode, sharing, tiered, compressed oops, compressed class ptrs, g1 gc, bsd-aarch64)
Heap:
 garbage-first heap   total 264192K, used 23010K [0x0000000700000000, 0x0000000800000000)
  region size 2048K, 11 young (22528K), 1 survivors (2048K)
 Metaspace       used 6898K, committed 7168K, reserved 1114112K
  class space    used 742K, committed 896K, reserved 1048576K
GC Heap History (20 events):
Event: 88.599 GC heap before
{Heap before GC invocations=21 (full 0):
 garbage-first heap   total 264192K, used 156112K [0x0000000700000000, 0x0000000800000000)
  region size 2048K, 76 young (155648K), 1 survivors (2048K)
 Metaspace       used 6898K, committed 7168K, reserved 1114112K
  class space    used 742K, committed 896K, reserved 1048576K
}
Event: 88.599 GC heap after
{Heap after GC invocations=22 (full 0):
 garbage-first heap   total 264192K, used 2524K [0x0000000700000000, 0x0000000800000000)
  region size 2048K, 1 young (2048K), 1 survivors (2048K)
 Metaspace       used 6898K, committed 7168K, reserved 1114112K
  class space    used 742K, committed 896K, reserved 1048576K
}
Event: 92.507 GC heap before
{Heap before GC invocations=22 (full 0):
 garbage-first heap   total 264192K, used 156124K [0x0000000700000000, 0x0000000800000000)
  region size 2048K, 76 young (155648K), 1 survivors (2048K)
 Metaspace       used 6898K, committed 7168K, reserved 1114112K
  class space    used 742K, committed 896K, reserved 1048576K
}
Event: 92.507 GC heap after
{Heap after GC invocations=23 (full 0):
 garbage-first heap   total 264192K, used 2526K [0x0000000700000000, 0x0000000800000000)
  region size 2048K, 1 young (2048K), 1 survivors (2048K)
 Metaspace       used 6898K, committed 7168K, reserved 1114112K
  class space    used 742K, committed 896K, reserved 1048576K
}
Event: 96.410 GC heap before
{Heap before GC invocations=23 (full 0):
 garbage-first heap   total 264192K, used 156126K [0x0000000700000000, 0x0000000800000000)
  region size 2048K, 76 young (155648K), 1 survivors (2048K)
 Metaspace       used 6898K, committed 7168K, reserved 1114112K
  class space    used 742K, committed 896K, reserved 1048576K
}
Event: 96.410 GC heap after
{Heap after GC invocations=24 (full 0):
 garbage-first heap   total 264192K, used 2524K [0x0000000700000000, 0x0000000800000000)
  region size 2048K, 1 young (2048K), 1 survivors (2048K)
 Metaspace       used 6898K, committed 7168K, reserved 1114112K
  class space    used 742K, committed 896K, reserved 1048576K
}
Event: 99.898 GC heap before
{Heap before GC invocations=24 (full 0):
 garbage-first heap   total 264192K, used 156124K [0x0000000700000000, 0x0000000800000000)
  region size 2048K, 76 young (155648K), 1 survivors (2048K)
 Metaspace       used 6898K, committed 7168K, reserved 1114112K
  class space    used 742K, committed 896K, reserved 1048576K
}
Event: 99.898 GC heap after
{Heap after GC invocations=25 (full 0):
 garbage-first heap   total 264192K, used 2518K [0x0000000700000000, 0x0000000800000000)
  region size 2048K, 1 young (2048K), 1 survivors (2048K)
 Metaspace       used 6898K, committed 7168K, reserved 1114112K
  class space    used 742K, committed 896K, reserved 1048576K
}
Event: 103.863 GC heap before
{Heap before GC invocations=25 (full 0):
 garbage-first heap   total 264192K, used 156118K [0x0000000700000000, 0x0000000800000000)
  region size 2048K, 76 young (155648K), 1 survivors (2048K)
 Metaspace       used 6898K, committed 7168K, reserved 1114112K
  class space    used 742K, committed 896K, reserved 1048576K
}
Event: 103.864 GC heap after
{Heap after GC invocations=26 (full 0):
 garbage-first heap   total 264192K, used 2526K [0x0000000700000000, 0x0000000800000000)
  region size 2048K, 1 young (2048K), 1 survivors (2048K)
 Metaspace       used 6898K, committed 7168K, reserved 1114112K
  class space    used 742K, committed 896K, reserved 1048576K
}
Event: 107.354 GC heap before
{Heap before GC invocations=26 (full 0):
 garbage-first heap   total 264192K, used 156126K [0x0000000700000000, 0x0000000800000000)
  region size 2048K, 76 young (155648K), 1 survivors (2048K)
 Metaspace       used 6898K, committed 7168K, reserved 1114112K
  class space    used 742K, committed 896K, reserved 1048576K
}
Event: 107.355 GC heap after
{Heap after GC invocations=27 (full 0):
 garbage-first heap   total 264192K, used 2526K [0x0000000700000000, 0x0000000800000000)
  region size 2048K, 1 young (2048K), 1 survivors (2048K)
 Metaspace       used 6898K, committed 7168K, reserved 1114112K
  class space    used 742K, committed 896K, reserved 1048576K
}
Event: 111.232 GC heap before
{Heap before GC invocations=27 (full 0):
 garbage-first heap   total 264192K, used 156126K [0x0000000700000000, 0x0000000800000000)
  region size 2048K, 76 young (155648K), 1 survivors (2048K)
 Metaspace       used 6898K, committed 7168K, reserved 1114112K
  class space    used 742K, committed 896K, reserved 1048576K
}
Event: 111.232 GC heap after
{Heap after GC invocations=28 (full 0):
 garbage-first heap   total 264192K, used 2528K [0x0000000700000000, 0x0000000800000000)
  region size 2048K, 1 young (2048K), 1 survivors (2048K)
 Metaspace       used 6898K, committed 7168K, reserved 1114112K
  class space    used 742K, committed 896K, reserved 1048576K
}
Event: 114.767 GC heap before
{Heap before GC invocations=28 (full 0):
 garbage-first heap   total 264192K, used 156128K [0x0000000700000000, 0x0000000800000000)
  region size 2048K, 76 young (155648K), 1 survivors (2048K)
 Metaspace       used 6898K, committed 7168K, reserved 1114112K
  class space    used 742K, committed 896K, reserved 1048576K
}
Event: 114.768 GC heap after
{Heap after GC invocations=29 (full 0):
 garbage-first heap   total 264192K, used 2524K [0x0000000700000000, 0x0000000800000000)
  region size 2048K, 1 young (2048K), 1 survivors (2048K)
 Metaspace       used 6898K, committed 7168K, reserved 1114112K
  class space    used 742K, committed 896K, reserved 1048576K
}
Event: 118.686 GC heap before
{Heap before GC invocations=29 (full 0):
 garbage-first heap   total 264192K, used 156124K [0x0000000700000000, 0x0000000800000000)
  region size 2048K, 76 young (155648K), 1 survivors (2048K)
 Metaspace       used 6898K, committed 7168K, reserved 1114112K
  class space    used 742K, committed 896K, reserved 1048576K
}
Event: 118.686 GC heap after
{Heap after GC invocations=30 (full 0):
 garbage-first heap   total 264192K, used 2530K [0x0000000700000000, 0x0000000800000000)
  region size 2048K, 1 young (2048K), 1 survivors (2048K)
 Metaspace       used 6898K, committed 7168K, reserved 1114112K
  class space    used 742K, committed 896K, reserved 1048576K
}
Event: 122.171 GC heap before
{Heap before GC invocations=30 (full 0):
 garbage-first heap   total 264192K, used 156130K [0x0000000700000000, 0x0000000800000000)
  region size 2048K, 76 young (155648K), 1 survivors (2048K)
 Metaspace       used 6898K, committed 7168K, reserved 1114112K
  class space    used 742K, committed 896K, reserved 1048576K
}
Event: 122.171 GC heap after
{Heap after GC invocations=31 (full 0):
 garbage-first heap   total 264192K, used 2530K [0x0000000700000000, 0x0000000800000000)
  region size 2048K, 1 young (2048K), 1 survivors (2048K)
 Metaspace       used 6898K, committed 7168K, reserved 1114112K
  class space    used 742K, committed 896K, reserved 1048576K
}

